<?xml version="1.0" encoding="UTF-8"?>
<!-- Generated by org.testng.reporters.JUnitReportReporter -->
<testsuite hostname="Godsfavours-MacBook-Pro.local" failures="0" tests="3" name="DynamicJson" time="2.462" errors="0" timestamp="2025-06-09T23:47:17 WAT" skipped="0">
  <testcase classname="DynamicJson" name="addBook" time="0.598"/>
  <testcase classname="DynamicJson" name="addBook" time="1.235"/>
  <testcase classname="DynamicJson" name="addBook" time="0.629"/>
</testsuite> <!-- DynamicJson -->
