<?xml version="1.0" encoding="UTF-8"?>
<!-- Generated by org.testng.reporters.JUnitReportReporter -->
<testsuite hostname="FLW-GodsfavourNwoko-PC" failures="0" tests="1" name="SumValidation" time="0.422" errors="0" timestamp="2024-09-12T23:38:51 WAT" skipped="0">
  <testcase classname="SumValidation" name="sumOfCourses" time="0.422"/>
</testsuite> <!-- SumValidation -->
