<?xml version="1.0" encoding="UTF-8"?>
<!-- Generated by org.testng.reporters.JUnitReportReporter -->
<testsuite hostname="FLW-GodsfavourNwoko-PC" failures="0" tests="3" name="DynamicJson" time="2.467" errors="0" timestamp="2024-09-17T17:57:40 WAT" skipped="0">
  <testcase classname="DynamicJson" name="addBook" time="1.242"/>
  <testcase classname="DynamicJson" name="addBook" time="0.626"/>
  <testcase classname="DynamicJson" name="addBook" time="0.599"/>
</testsuite> <!-- DynamicJson -->
